<?xml version="1.0" encoding="UTF-8"?>
<testng-results ignored="0" total="15" passed="15" failed="0" skipped="0">
  <reporter-output>
  </reporter-output>
  <suite started-at="2024-05-22T20:04:25 IST" name="MoviesAppTestSuite" finished-at="2024-05-22T20:06:00 IST" duration-ms="94947">
    <groups>
      <group name="cucumber">
        <method signature="AbstractTestNGCucumberTests.runScenario(io.cucumber.testng.PickleWrapper,io.cucumber.testng.FeatureWrapper)[pri:0, instance:AccountPageTestRunner@11bd0f3b]" name="runScenario" class="io.cucumber.testng.AbstractTestNGCucumberTests"/>
        <method signature="AbstractTestNGCucumberTests.runScenario(io.cucumber.testng.PickleWrapper,io.cucumber.testng.FeatureWrapper)[pri:0, instance:HomePageTestRunner@e7edb54]" name="runScenario" class="io.cucumber.testng.AbstractTestNGCucumberTests"/>
        <method signature="AbstractTestNGCucumberTests.runScenario(io.cucumber.testng.PickleWrapper,io.cucumber.testng.FeatureWrapper)[pri:0, instance:LoginPageTestRunner@3e6ef8ad]" name="runScenario" class="io.cucumber.testng.AbstractTestNGCucumberTests"/>
        <method signature="AbstractTestNGCucumberTests.runScenario(io.cucumber.testng.PickleWrapper,io.cucumber.testng.FeatureWrapper)[pri:0, instance:MoviesDetailsPageTestRunner@69e1dd28]" name="runScenario" class="io.cucumber.testng.AbstractTestNGCucumberTests"/>
        <method signature="AbstractTestNGCucumberTests.runScenario(io.cucumber.testng.PickleWrapper,io.cucumber.testng.FeatureWrapper)[pri:0, instance:PopularPageTestRunner@378542de]" name="runScenario" class="io.cucumber.testng.AbstractTestNGCucumberTests"/>
        <method signature="AbstractTestNGCucumberTests.runScenario(io.cucumber.testng.PickleWrapper,io.cucumber.testng.FeatureWrapper)[pri:0, instance:SearchPageTestRunner@3738449f]" name="runScenario" class="io.cucumber.testng.AbstractTestNGCucumberTests"/>
      </group> <!-- cucumber -->
    </groups>
    <test started-at="2024-05-22T20:04:25 IST" name="MoviesAppUIAndFunctionalities" finished-at="2024-05-22T20:06:00 IST" duration-ms="94947">
      <class name="MoviesDetailsPageTestRunner">
        <test-method is-config="true" signature="setUpClass(org.testng.ITestContext)[pri:0, instance:MoviesDetailsPageTestRunner@69e1dd28]" started-at="2024-05-22T20:05:32 IST" name="setUpClass" finished-at="2024-05-22T20:05:32 IST" duration-ms="94" status="PASS">
          <params>
            <param index="0">
              <value>
                <![CDATA[org.testng.TestRunner@71ba6d4e]]>
              </value>
            </param>
          </params>
          <reporter-output>
          </reporter-output>
        </test-method> <!-- setUpClass -->
        <test-method signature="runScenario(io.cucumber.testng.PickleWrapper,io.cucumber.testng.FeatureWrapper)[pri:0, instance:MoviesDetailsPageTestRunner@69e1dd28]" started-at="2024-05-22T20:05:32 IST" name="runScenario" description="Runs Cucumber Scenarios" data-provider="scenarios" finished-at="2024-05-22T20:05:39 IST" duration-ms="6707" status="PASS">
          <params>
            <param index="0">
              <value>
                <![CDATA["Test the Movie UI elements of the Home Page"]]>
              </value>
            </param>
            <param index="1">
              <value>
                <![CDATA["Movies Details Page Functionalities"]]>
              </value>
            </param>
          </params>
          <reporter-output>
          </reporter-output>
        </test-method> <!-- runScenario -->
        <test-method signature="runScenario(io.cucumber.testng.PickleWrapper,io.cucumber.testng.FeatureWrapper)[pri:0, instance:MoviesDetailsPageTestRunner@69e1dd28]" started-at="2024-05-22T20:05:39 IST" name="runScenario" description="Runs Cucumber Scenarios" data-provider="scenarios" finished-at="2024-05-22T20:05:47 IST" duration-ms="8145" status="PASS">
          <params>
            <param index="0">
              <value>
                <![CDATA["Test the Movie UI elements of the Popular Page"]]>
              </value>
            </param>
            <param index="1">
              <value>
                <![CDATA["Movies Details Page Functionalities"]]>
              </value>
            </param>
          </params>
          <reporter-output>
          </reporter-output>
        </test-method> <!-- runScenario -->
        <test-method is-config="true" signature="tearDownClass()[pri:0, instance:MoviesDetailsPageTestRunner@69e1dd28]" started-at="2024-05-22T20:05:47 IST" name="tearDownClass" finished-at="2024-05-22T20:05:47 IST" duration-ms="0" status="PASS">
          <reporter-output>
          </reporter-output>
        </test-method> <!-- tearDownClass -->
      </class> <!-- MoviesDetailsPageTestRunner -->
      <class name="AccountPageTestRunner">
        <test-method is-config="true" signature="setUpClass(org.testng.ITestContext)[pri:0, instance:AccountPageTestRunner@11bd0f3b]" started-at="2024-05-22T20:05:47 IST" name="setUpClass" finished-at="2024-05-22T20:05:47 IST" duration-ms="113" status="PASS">
          <params>
            <param index="0">
              <value>
                <![CDATA[org.testng.TestRunner@71ba6d4e]]>
              </value>
            </param>
          </params>
          <reporter-output>
          </reporter-output>
        </test-method> <!-- setUpClass -->
        <test-method signature="runScenario(io.cucumber.testng.PickleWrapper,io.cucumber.testng.FeatureWrapper)[pri:0, instance:AccountPageTestRunner@11bd0f3b]" started-at="2024-05-22T20:05:47 IST" name="runScenario" description="Runs Cucumber Scenarios" data-provider="scenarios" finished-at="2024-05-22T20:05:54 IST" duration-ms="6598" status="PASS">
          <params>
            <param index="0">
              <value>
                <![CDATA["Test the Account Page Functionalities"]]>
              </value>
            </param>
            <param index="1">
              <value>
                <![CDATA["Account Page Functionality"]]>
              </value>
            </param>
          </params>
          <reporter-output>
          </reporter-output>
        </test-method> <!-- runScenario -->
        <test-method signature="runScenario(io.cucumber.testng.PickleWrapper,io.cucumber.testng.FeatureWrapper)[pri:0, instance:AccountPageTestRunner@11bd0f3b]" started-at="2024-05-22T20:05:54 IST" name="runScenario" description="Runs Cucumber Scenarios" data-provider="scenarios" finished-at="2024-05-22T20:06:00 IST" duration-ms="6342" status="PASS">
          <params>
            <param index="0">
              <value>
                <![CDATA["Test the  Logout Functionalities"]]>
              </value>
            </param>
            <param index="1">
              <value>
                <![CDATA["Account Page Functionality"]]>
              </value>
            </param>
          </params>
          <reporter-output>
          </reporter-output>
        </test-method> <!-- runScenario -->
        <test-method is-config="true" signature="tearDownClass()[pri:0, instance:AccountPageTestRunner@11bd0f3b]" started-at="2024-05-22T20:06:00 IST" name="tearDownClass" finished-at="2024-05-22T20:06:00 IST" duration-ms="0" status="PASS">
          <reporter-output>
          </reporter-output>
        </test-method> <!-- tearDownClass -->
      </class> <!-- AccountPageTestRunner -->
      <class name="HomePageTestRunner">
        <test-method is-config="true" signature="setUpClass(org.testng.ITestContext)[pri:0, instance:HomePageTestRunner@e7edb54]" started-at="2024-05-22T20:05:01 IST" name="setUpClass" finished-at="2024-05-22T20:05:01 IST" duration-ms="111" status="PASS">
          <params>
            <param index="0">
              <value>
                <![CDATA[org.testng.TestRunner@71ba6d4e]]>
              </value>
            </param>
          </params>
          <reporter-output>
          </reporter-output>
        </test-method> <!-- setUpClass -->
        <test-method signature="runScenario(io.cucumber.testng.PickleWrapper,io.cucumber.testng.FeatureWrapper)[pri:0, instance:HomePageTestRunner@e7edb54]" started-at="2024-05-22T20:05:01 IST" name="runScenario" description="Runs Cucumber Scenarios" data-provider="scenarios" finished-at="2024-05-22T20:05:07 IST" duration-ms="6393" status="PASS">
          <params>
            <param index="0">
              <value>
                <![CDATA["Test the Home Page Functionalities"]]>
              </value>
            </param>
            <param index="1">
              <value>
                <![CDATA["Home Page Functionality"]]>
              </value>
            </param>
          </params>
          <reporter-output>
          </reporter-output>
        </test-method> <!-- runScenario -->
        <test-method signature="runScenario(io.cucumber.testng.PickleWrapper,io.cucumber.testng.FeatureWrapper)[pri:0, instance:HomePageTestRunner@e7edb54]" started-at="2024-05-22T20:05:07 IST" name="runScenario" description="Runs Cucumber Scenarios" data-provider="scenarios" finished-at="2024-05-22T20:05:13 IST" duration-ms="5952" status="PASS">
          <params>
            <param index="0">
              <value>
                <![CDATA["Test the Header Section UI"]]>
              </value>
            </param>
            <param index="1">
              <value>
                <![CDATA["Home Page Functionality"]]>
              </value>
            </param>
          </params>
          <reporter-output>
          </reporter-output>
        </test-method> <!-- runScenario -->
        <test-method signature="runScenario(io.cucumber.testng.PickleWrapper,io.cucumber.testng.FeatureWrapper)[pri:0, instance:HomePageTestRunner@e7edb54]" started-at="2024-05-22T20:05:13 IST" name="runScenario" description="Runs Cucumber Scenarios" data-provider="scenarios" finished-at="2024-05-22T20:05:21 IST" duration-ms="7381" status="PASS">
          <params>
            <param index="0">
              <value>
                <![CDATA["Test the Header Section Functionalities"]]>
              </value>
            </param>
            <param index="1">
              <value>
                <![CDATA["Home Page Functionality"]]>
              </value>
            </param>
          </params>
          <reporter-output>
          </reporter-output>
        </test-method> <!-- runScenario -->
        <test-method is-config="true" signature="tearDownClass()[pri:0, instance:HomePageTestRunner@e7edb54]" started-at="2024-05-22T20:05:21 IST" name="tearDownClass" finished-at="2024-05-22T20:05:21 IST" duration-ms="0" status="PASS">
          <reporter-output>
          </reporter-output>
        </test-method> <!-- tearDownClass -->
      </class> <!-- HomePageTestRunner -->
      <class name="PopularPageTestRunner">
        <test-method is-config="true" signature="setUpClass(org.testng.ITestContext)[pri:0, instance:PopularPageTestRunner@378542de]" started-at="2024-05-22T20:05:21 IST" name="setUpClass" finished-at="2024-05-22T20:05:21 IST" duration-ms="94" status="PASS">
          <params>
            <param index="0">
              <value>
                <![CDATA[org.testng.TestRunner@71ba6d4e]]>
              </value>
            </param>
          </params>
          <reporter-output>
          </reporter-output>
        </test-method> <!-- setUpClass -->
        <test-method signature="runScenario(io.cucumber.testng.PickleWrapper,io.cucumber.testng.FeatureWrapper)[pri:0, instance:PopularPageTestRunner@378542de]" started-at="2024-05-22T20:05:21 IST" name="runScenario" description="Runs Cucumber Scenarios" data-provider="scenarios" finished-at="2024-05-22T20:05:26 IST" duration-ms="5659" status="PASS">
          <params>
            <param index="0">
              <value>
                <![CDATA["Test the Popular page UI"]]>
              </value>
            </param>
            <param index="1">
              <value>
                <![CDATA["Popular Page Functionality"]]>
              </value>
            </param>
          </params>
          <reporter-output>
          </reporter-output>
        </test-method> <!-- runScenario -->
        <test-method is-config="true" signature="tearDownClass()[pri:0, instance:PopularPageTestRunner@378542de]" started-at="2024-05-22T20:05:26 IST" name="tearDownClass" finished-at="2024-05-22T20:05:26 IST" duration-ms="0" status="PASS">
          <reporter-output>
          </reporter-output>
        </test-method> <!-- tearDownClass -->
      </class> <!-- PopularPageTestRunner -->
      <class name="SearchPageTestRunner">
        <test-method is-config="true" signature="setUpClass(org.testng.ITestContext)[pri:0, instance:SearchPageTestRunner@3738449f]" started-at="2024-05-22T20:05:26 IST" name="setUpClass" finished-at="2024-05-22T20:05:26 IST" duration-ms="47" status="PASS">
          <params>
            <param index="0">
              <value>
                <![CDATA[org.testng.TestRunner@71ba6d4e]]>
              </value>
            </param>
          </params>
          <reporter-output>
          </reporter-output>
        </test-method> <!-- setUpClass -->
        <test-method signature="runScenario(io.cucumber.testng.PickleWrapper,io.cucumber.testng.FeatureWrapper)[pri:0, instance:SearchPageTestRunner@3738449f]" started-at="2024-05-22T20:05:26 IST" name="runScenario" description="Runs Cucumber Scenarios" data-provider="scenarios" finished-at="2024-05-22T20:05:32 IST" duration-ms="5680" status="PASS">
          <params>
            <param index="0">
              <value>
                <![CDATA["Test the Search Functionalities"]]>
              </value>
            </param>
            <param index="1">
              <value>
                <![CDATA["Search Page Functionality"]]>
              </value>
            </param>
          </params>
          <reporter-output>
          </reporter-output>
        </test-method> <!-- runScenario -->
        <test-method is-config="true" signature="tearDownClass()[pri:0, instance:SearchPageTestRunner@3738449f]" started-at="2024-05-22T20:05:32 IST" name="tearDownClass" finished-at="2024-05-22T20:05:32 IST" duration-ms="0" status="PASS">
          <reporter-output>
          </reporter-output>
        </test-method> <!-- tearDownClass -->
      </class> <!-- SearchPageTestRunner -->
      <class name="LoginPageTestRunner">
        <test-method is-config="true" signature="setUpClass(org.testng.ITestContext)[pri:0, instance:LoginPageTestRunner@3e6ef8ad]" started-at="2024-05-22T20:04:25 IST" name="setUpClass" finished-at="2024-05-22T20:04:26 IST" duration-ms="438" status="PASS">
          <params>
            <param index="0">
              <value>
                <![CDATA[org.testng.TestRunner@71ba6d4e]]>
              </value>
            </param>
          </params>
          <reporter-output>
          </reporter-output>
        </test-method> <!-- setUpClass -->
        <test-method signature="runScenario(io.cucumber.testng.PickleWrapper,io.cucumber.testng.FeatureWrapper)[pri:0, instance:LoginPageTestRunner@3e6ef8ad]" started-at="2024-05-22T20:04:26 IST" name="runScenario" description="Runs Cucumber Scenarios" data-provider="scenarios" finished-at="2024-05-22T20:04:32 IST" duration-ms="6351" status="PASS">
          <params>
            <param index="0">
              <value>
                <![CDATA["Test the Login Page UI"]]>
              </value>
            </param>
            <param index="1">
              <value>
                <![CDATA["Login Page Functionality"]]>
              </value>
            </param>
          </params>
          <reporter-output>
          </reporter-output>
        </test-method> <!-- runScenario -->
        <test-method signature="runScenario(io.cucumber.testng.PickleWrapper,io.cucumber.testng.FeatureWrapper)[pri:0, instance:LoginPageTestRunner@3e6ef8ad]" started-at="2024-05-22T20:04:32 IST" name="runScenario" description="Runs Cucumber Scenarios" data-provider="scenarios" finished-at="2024-05-22T20:04:37 IST" duration-ms="5208" status="PASS">
          <params>
            <param index="0">
              <value>
                <![CDATA["Login with empty input fields"]]>
              </value>
            </param>
            <param index="1">
              <value>
                <![CDATA["Login Page Functionality"]]>
              </value>
            </param>
          </params>
          <reporter-output>
          </reporter-output>
        </test-method> <!-- runScenario -->
        <test-method signature="runScenario(io.cucumber.testng.PickleWrapper,io.cucumber.testng.FeatureWrapper)[pri:0, instance:LoginPageTestRunner@3e6ef8ad]" started-at="2024-05-22T20:04:37 IST" name="runScenario" description="Runs Cucumber Scenarios" data-provider="scenarios" finished-at="2024-05-22T20:04:42 IST" duration-ms="5339" status="PASS">
          <params>
            <param index="0">
              <value>
                <![CDATA["Login with empty Username field"]]>
              </value>
            </param>
            <param index="1">
              <value>
                <![CDATA["Login Page Functionality"]]>
              </value>
            </param>
          </params>
          <reporter-output>
          </reporter-output>
        </test-method> <!-- runScenario -->
        <test-method signature="runScenario(io.cucumber.testng.PickleWrapper,io.cucumber.testng.FeatureWrapper)[pri:0, instance:LoginPageTestRunner@3e6ef8ad]" started-at="2024-05-22T20:04:42 IST" name="runScenario" description="Runs Cucumber Scenarios" data-provider="scenarios" finished-at="2024-05-22T20:04:48 IST" duration-ms="5846" status="PASS">
          <params>
            <param index="0">
              <value>
                <![CDATA["Login with empty Password field"]]>
              </value>
            </param>
            <param index="1">
              <value>
                <![CDATA["Login Page Functionality"]]>
              </value>
            </param>
          </params>
          <reporter-output>
          </reporter-output>
        </test-method> <!-- runScenario -->
        <test-method signature="runScenario(io.cucumber.testng.PickleWrapper,io.cucumber.testng.FeatureWrapper)[pri:0, instance:LoginPageTestRunner@3e6ef8ad]" started-at="2024-05-22T20:04:48 IST" name="runScenario" description="Runs Cucumber Scenarios" data-provider="scenarios" finished-at="2024-05-22T20:04:55 IST" duration-ms="6443" status="PASS">
          <params>
            <param index="0">
              <value>
                <![CDATA["Login with Invalid Password"]]>
              </value>
            </param>
            <param index="1">
              <value>
                <![CDATA["Login Page Functionality"]]>
              </value>
            </param>
          </params>
          <reporter-output>
          </reporter-output>
        </test-method> <!-- runScenario -->
        <test-method signature="runScenario(io.cucumber.testng.PickleWrapper,io.cucumber.testng.FeatureWrapper)[pri:0, instance:LoginPageTestRunner@3e6ef8ad]" started-at="2024-05-22T20:04:55 IST" name="runScenario" description="Runs Cucumber Scenarios" data-provider="scenarios" finished-at="2024-05-22T20:05:01 IST" duration-ms="5929" status="PASS">
          <params>
            <param index="0">
              <value>
                <![CDATA["Successful Login"]]>
              </value>
            </param>
            <param index="1">
              <value>
                <![CDATA["Login Page Functionality"]]>
              </value>
            </param>
          </params>
          <reporter-output>
          </reporter-output>
        </test-method> <!-- runScenario -->
        <test-method is-config="true" signature="tearDownClass()[pri:0, instance:LoginPageTestRunner@3e6ef8ad]" started-at="2024-05-22T20:05:01 IST" name="tearDownClass" finished-at="2024-05-22T20:05:01 IST" duration-ms="0" status="PASS">
          <reporter-output>
          </reporter-output>
        </test-method> <!-- tearDownClass -->
      </class> <!-- LoginPageTestRunner -->
    </test> <!-- MoviesAppUIAndFunctionalities -->
  </suite> <!-- MoviesAppTestSuite -->
</testng-results>
